# JRE version: Java(TM) SE Runtime Environment (21.0.5+9) (build 21.0.5+9-LTS-239)
# Java VM: Java HotSpot(TM) 64-Bit Server VM (21.0.5+9-LTS-239, mixed mode, sharing, tiered, compressed oops, compressed class ptrs, g1 gc, windows-amd64)
GC Precious Log:
 CardTable entry size: 512
 Card Set container configuration: InlinePtr #cards 5 size 8 Array Of Cards #cards 12 size 40 Howl #buckets 4 coarsen threshold 1843 Howl Bitmap #cards 512 size 80 coarsen threshold 460 Card regions per heap region 1 cards per card region 2048
 CPUs: 4 total, 4 available
 Memory: 3986M
 Large Page Support: Disabled
 NUMA Support: Disabled
 Compressed Oops: Enabled (32-bit)
 Heap Region Size: 1M
 Heap Min Capacity: 8M
 Heap Initial Capacity: 64M
 Heap Max Capacity: 998M
 Pre-touch: Disabled
 Parallel Workers: 4
 Concurrent Workers: 1
 Concurrent Refinement Workers: 4
 Periodic GC: Disabled
Heap:
 garbage-first heap   total 124928K, used 68608K [0x00000000c1a00000, 0x0000000100000000)
  region size 1024K, 4 young (4096K), 4 survivors (4096K)
 Metaspace       used 33227K, committed 33728K, reserved 1114112K
  class space    used 3618K, committed 3840K, reserved 1048576K
GC Heap History (20 events):
Event: 10.137 GC heap after
{Heap after GC invocations=14 (full 0):
 garbage-first heap   total 86016K, used 49514K [0x00000000c1a00000, 0x0000000100000000)
  region size 1024K, 3 young (3072K), 3 survivors (3072K)
 Metaspace       used 27663K, committed 27968K, reserved 1114112K
  class space    used 3055K, committed 3200K, reserved 1048576K
}
Event: 10.878 GC heap before
{Heap before GC invocations=14 (full 0):
 garbage-first heap   total 86016K, used 68970K [0x00000000c1a00000, 0x0000000100000000)
  region size 1024K, 23 young (23552K), 3 survivors (3072K)
 Metaspace       used 28860K, committed 29248K, reserved 1114112K
  class space    used 3187K, committed 3328K, reserved 1048576K
}
Event: 10.890 GC heap after
{Heap after GC invocations=15 (full 0):
 garbage-first heap   total 86016K, used 49967K [0x00000000c1a00000, 0x0000000100000000)
  region size 1024K, 1 young (1024K), 1 survivors (1024K)
 Metaspace       used 28860K, committed 29248K, reserved 1114112K
  class space    used 3187K, committed 3328K, reserved 1048576K
}
Event: 11.253 GC heap before
{Heap before GC invocations=15 (full 0):
 garbage-first heap   total 86016K, used 70447K [0x00000000c1a00000, 0x0000000100000000)
  region size 1024K, 22 young (22528K), 1 survivors (1024K)
 Metaspace       used 29899K, committed 30336K, reserved 1114112K
  class space    used 3320K, committed 3520K, reserved 1048576K
}
Event: 11.256 GC heap after
{Heap after GC invocations=16 (full 0):
 garbage-first heap   total 107520K, used 50323K [0x00000000c1a00000, 0x0000000100000000)
  region size 1024K, 2 young (2048K), 2 survivors (2048K)
 Metaspace       used 29899K, committed 30336K, reserved 1114112K
  class space    used 3320K, committed 3520K, reserved 1048576K
}
Event: 11.897 GC heap before
{Heap before GC invocations=17 (full 0):
 garbage-first heap   total 107520K, used 86163K [0x00000000c1a00000, 0x0000000100000000)
  region size 1024K, 37 young (37888K), 2 survivors (2048K)
 Metaspace       used 30505K, committed 30976K, reserved 1114112K
  class space    used 3368K, committed 3584K, reserved 1048576K
}
Event: 11.906 GC heap after
{Heap after GC invocations=18 (full 0):
 garbage-first heap   total 107520K, used 52015K [0x00000000c1a00000, 0x0000000100000000)
  region size 1024K, 3 young (3072K), 3 survivors (3072K)
 Metaspace       used 30505K, committed 30976K, reserved 1114112K
  class space    used 3368K, committed 3584K, reserved 1048576K
}
Event: 12.274 GC heap before
{Heap before GC invocations=18 (full 0):
 garbage-first heap   total 107520K, used 89903K [0x00000000c1a00000, 0x0000000100000000)
  region size 1024K, 40 young (40960K), 3 survivors (3072K)
 Metaspace       used 30674K, committed 31104K, reserved 1114112K
  class space    used 3379K, committed 3584K, reserved 1048576K
}
Event: 12.294 GC heap after
{Heap after GC invocations=19 (full 0):
 garbage-first heap   total 107520K, used 53076K [0x00000000c1a00000, 0x0000000100000000)
  region size 1024K, 4 young (4096K), 4 survivors (4096K)
 Metaspace       used 30674K, committed 31104K, reserved 1114112K
  class space    used 3379K, committed 3584K, reserved 1048576K
}
Event: 12.640 GC heap before
{Heap before GC invocations=19 (full 0):
 garbage-first heap   total 107520K, used 91988K [0x00000000c1a00000, 0x0000000100000000)
  region size 1024K, 42 young (43008K), 4 survivors (4096K)
 Metaspace       used 30746K, committed 31232K, reserved 1114112K
  class space    used 3379K, committed 3584K, reserved 1048576K
}
Event: 12.653 GC heap after
{Heap after GC invocations=20 (full 0):
 garbage-first heap   total 107520K, used 52798K [0x00000000c1a00000, 0x0000000100000000)
  region size 1024K, 2 young (2048K), 2 survivors (2048K)
 Metaspace       used 30746K, committed 31232K, reserved 1114112K
  class space    used 3379K, committed 3584K, reserved 1048576K
}
Event: 13.434 GC heap before
{Heap before GC invocations=21 (full 0):
 garbage-first heap   total 107520K, used 93758K [0x00000000c1a00000, 0x0000000100000000)
  region size 1024K, 42 young (43008K), 2 survivors (2048K)
 Metaspace       used 32137K, committed 32704K, reserved 1114112K
  class space    used 3550K, committed 3776K, reserved 1048576K
}
Event: 13.447 GC heap after
{Heap after GC invocations=22 (full 0):
 garbage-first heap   total 107520K, used 53952K [0x00000000c1a00000, 0x0000000100000000)
  region size 1024K, 3 young (3072K), 3 survivors (3072K)
 Metaspace       used 32137K, committed 32704K, reserved 1114112K
  class space    used 3550K, committed 3776K, reserved 1048576K
}
Event: 15.581 GC heap before
{Heap before GC invocations=22 (full 0):
 garbage-first heap   total 107520K, used 100032K [0x00000000c1a00000, 0x0000000100000000)
  region size 1024K, 44 young (45056K), 3 survivors (3072K)
 Metaspace       used 33162K, committed 33728K, reserved 1114112K
  class space    used 3617K, committed 3840K, reserved 1048576K
}
Event: 15.604 GC heap after
{Heap after GC invocations=23 (full 0):
 garbage-first heap   total 108544K, used 58737K [0x00000000c1a00000, 0x0000000100000000)
  region size 1024K, 6 young (6144K), 6 survivors (6144K)
 Metaspace       used 33162K, committed 33728K, reserved 1114112K
  class space    used 3617K, committed 3840K, reserved 1048576K
}
Event: 15.638 GC heap before
{Heap before GC invocations=23 (full 0):
 garbage-first heap   total 108544K, used 62833K [0x00000000c1a00000, 0x0000000100000000)
  region size 1024K, 11 young (11264K), 6 survivors (6144K)
 Metaspace       used 33166K, committed 33728K, reserved 1114112K
  class space    used 3617K, committed 3840K, reserved 1048576K
}
Event: 15.661 GC heap after
{Heap after GC invocations=24 (full 0):
 garbage-first heap   total 108544K, used 62698K [0x00000000c1a00000, 0x0000000100000000)
  region size 1024K, 4 young (4096K), 4 survivors (4096K)
 Metaspace       used 33166K, committed 33728K, reserved 1114112K
  class space    used 3617K, committed 3840K, reserved 1048576K
}
Event: 15.836 GC heap before
{Heap before GC invocations=25 (full 0):
 garbage-first heap   total 124928K, used 83178K [0x00000000c1a00000, 0x0000000100000000)
  region size 1024K, 23 young (23552K), 4 survivors (4096K)
 Metaspace       used 33214K, committed 33728K, reserved 1114112K
  class space    used 3618K, committed 3840K, reserved 1048576K
}
Event: 15.848 GC heap after
{Heap after GC invocations=26 (full 0):
 garbage-first heap   total 124928K, used 71680K [0x00000000c1a00000, 0x0000000100000000)
  region size 1024K, 3 young (3072K), 3 survivors (3072K)
 Metaspace       used 33214K, committed 33728K, reserved 1114112K
  class space    used 3618K, committed 3840K, reserved 1048576K
}
Event: 16.153 GC heap before
{Heap before GC invocations=26 (full 0):
 garbage-first heap   total 124928K, used 95232K [0x00000000c1a00000, 0x0000000100000000)
  region size 1024K, 26 young (26624K), 3 survivors (3072K)
 Metaspace       used 33227K, committed 33728K, reserved 1114112K
  class space    used 3618K, committed 3840K, reserved 1048576K
}

