# JRE version: Java(TM) SE Runtime Environment (21.0.5+9) (build 21.0.5+9-LTS-239)
# Java VM: Java HotSpot(TM) 64-Bit Server VM (21.0.5+9-LTS-239, mixed mode, sharing, tiered, compressed oops, compressed class ptrs, g1 gc, windows-amd64)
GC Precious Log:
 CardTable entry size: 512
 Card Set container configuration: InlinePtr #cards 5 size 8 Array Of Cards #cards 12 size 40 Howl #buckets 4 coarsen threshold 1843 Howl Bitmap #cards 512 size 80 coarsen threshold 460 Card regions per heap region 1 cards per card region 2048
 CPUs: 4 total, 4 available
 Memory: 3986M
 Large Page Support: Disabled
 NUMA Support: Disabled
 Compressed Oops: Enabled (32-bit)
 Heap Region Size: 1M
 Heap Min Capacity: 8M
 Heap Initial Capacity: 64M
 Heap Max Capacity: 998M
 Pre-touch: Disabled
 Parallel Workers: 4
 Concurrent Workers: 1
 Concurrent Refinement Workers: 4
 Periodic GC: Disabled
Heap:
 garbage-first heap   total 184320K, used 111552K [0x00000000c1a00000, 0x0000000100000000)
  region size 1024K, 43 young (44032K), 1 survivors (1024K)
 Metaspace       used 37598K, committed 38208K, reserved 1114112K
  class space    used 4083K, committed 4352K, reserved 1048576K
GC Heap History (20 events):
Event: 8.892 GC heap before
{Heap before GC invocations=11 (full 0):
 garbage-first heap   total 88064K, used 71168K [0x00000000c1a00000, 0x0000000100000000)
  region size 1024K, 31 young (31744K), 5 survivors (5120K)
 Metaspace       used 28416K, committed 28800K, reserved 1114112K
  class space    used 3147K, committed 3328K, reserved 1048576K
}
Event: 8.905 GC heap after
{Heap after GC invocations=12 (full 0):
 garbage-first heap   total 88064K, used 49152K [0x00000000c1a00000, 0x0000000100000000)
  region size 1024K, 3 young (3072K), 3 survivors (3072K)
 Metaspace       used 28416K, committed 28800K, reserved 1114112K
  class space    used 3147K, committed 3328K, reserved 1048576K
}
Event: 9.415 GC heap before
{Heap before GC invocations=13 (full 0):
 garbage-first heap   total 89088K, used 74752K [0x00000000c1a00000, 0x0000000100000000)
  region size 1024K, 28 young (28672K), 3 survivors (3072K)
 Metaspace       used 29632K, committed 30080K, reserved 1114112K
  class space    used 3272K, committed 3456K, reserved 1048576K
}
Event: 9.421 GC heap after
{Heap after GC invocations=14 (full 0):
 garbage-first heap   total 89088K, used 50100K [0x00000000c1a00000, 0x0000000100000000)
  region size 1024K, 1 young (1024K), 1 survivors (1024K)
 Metaspace       used 29632K, committed 30080K, reserved 1114112K
  class space    used 3272K, committed 3456K, reserved 1048576K
}
Event: 9.860 GC heap before
{Heap before GC invocations=14 (full 0):
 garbage-first heap   total 89088K, used 77748K [0x00000000c1a00000, 0x0000000100000000)
  region size 1024K, 28 young (28672K), 1 survivors (1024K)
 Metaspace       used 30340K, committed 30848K, reserved 1114112K
  class space    used 3368K, committed 3584K, reserved 1048576K
}
Event: 9.868 GC heap after
{Heap after GC invocations=15 (full 0):
 garbage-first heap   total 89088K, used 51148K [0x00000000c1a00000, 0x0000000100000000)
  region size 1024K, 2 young (2048K), 2 survivors (2048K)
 Metaspace       used 30340K, committed 30848K, reserved 1114112K
  class space    used 3368K, committed 3584K, reserved 1048576K
}
Event: 10.126 GC heap before
{Heap before GC invocations=15 (full 0):
 garbage-first heap   total 89088K, used 78796K [0x00000000c1a00000, 0x0000000100000000)
  region size 1024K, 29 young (29696K), 2 survivors (2048K)
 Metaspace       used 30531K, committed 31040K, reserved 1114112K
  class space    used 3374K, committed 3584K, reserved 1048576K
}
Event: 10.134 GC heap after
{Heap after GC invocations=16 (full 0):
 garbage-first heap   total 107520K, used 52548K [0x00000000c1a00000, 0x0000000100000000)
  region size 1024K, 4 young (4096K), 4 survivors (4096K)
 Metaspace       used 30531K, committed 31040K, reserved 1114112K
  class space    used 3374K, committed 3584K, reserved 1048576K
}
Event: 10.470 GC heap before
{Heap before GC invocations=17 (full 0):
 garbage-first heap   total 109568K, used 91460K [0x00000000c1a00000, 0x0000000100000000)
  region size 1024K, 43 young (44032K), 4 survivors (4096K)
 Metaspace       used 30669K, committed 31104K, reserved 1114112K
  class space    used 3378K, committed 3584K, reserved 1048576K
}
Event: 10.481 GC heap after
{Heap after GC invocations=18 (full 0):
 garbage-first heap   total 109568K, used 53097K [0x00000000c1a00000, 0x0000000100000000)
  region size 1024K, 4 young (4096K), 4 survivors (4096K)
 Metaspace       used 30669K, committed 31104K, reserved 1114112K
  class space    used 3378K, committed 3584K, reserved 1048576K
}
Event: 10.819 GC heap before
{Heap before GC invocations=18 (full 0):
 garbage-first heap   total 109568K, used 98153K [0x00000000c1a00000, 0x0000000100000000)
  region size 1024K, 48 young (49152K), 4 survivors (4096K)
 Metaspace       used 30747K, committed 31232K, reserved 1114112K
  class space    used 3378K, committed 3584K, reserved 1048576K
}
Event: 10.828 GC heap after
{Heap after GC invocations=19 (full 0):
 garbage-first heap   total 109568K, used 52776K [0x00000000c1a00000, 0x0000000100000000)
  region size 1024K, 3 young (3072K), 3 survivors (3072K)
 Metaspace       used 30747K, committed 31232K, reserved 1114112K
  class space    used 3378K, committed 3584K, reserved 1048576K
}
Event: 12.361 GC heap before
{Heap before GC invocations=19 (full 0):
 garbage-first heap   total 109568K, used 99880K [0x00000000c1a00000, 0x0000000100000000)
  region size 1024K, 49 young (50176K), 3 survivors (3072K)
 Metaspace       used 33037K, committed 33536K, reserved 1114112K
  class space    used 3615K, committed 3840K, reserved 1048576K
}
Event: 12.380 GC heap after
{Heap after GC invocations=20 (full 0):
 garbage-first heap   total 109568K, used 54677K [0x00000000c1a00000, 0x0000000100000000)
  region size 1024K, 6 young (6144K), 6 survivors (6144K)
 Metaspace       used 33037K, committed 33536K, reserved 1114112K
  class space    used 3615K, committed 3840K, reserved 1048576K
}
Event: 13.096 GC heap before
{Heap before GC invocations=21 (full 0):
 garbage-first heap   total 109568K, used 101781K [0x00000000c1a00000, 0x0000000100000000)
  region size 1024K, 47 young (48128K), 6 survivors (6144K)
 Metaspace       used 33109K, committed 33600K, reserved 1114112K
  class space    used 3618K, committed 3840K, reserved 1048576K
}
Event: 13.167 GC heap after
{Heap after GC invocations=22 (full 0):
 garbage-first heap   total 124928K, used 75264K [0x00000000c1a00000, 0x0000000100000000)
  region size 1024K, 6 young (6144K), 6 survivors (6144K)
 Metaspace       used 33109K, committed 33600K, reserved 1114112K
  class space    used 3618K, committed 3840K, reserved 1048576K
}
Event: 13.859 GC heap before
{Heap before GC invocations=22 (full 0):
 garbage-first heap   total 124928K, used 104960K [0x00000000c1a00000, 0x0000000100000000)
  region size 1024K, 35 young (35840K), 6 survivors (6144K)
 Metaspace       used 33562K, committed 34112K, reserved 1114112K
  class space    used 3648K, committed 3904K, reserved 1048576K
}
Event: 13.878 GC heap after
{Heap after GC invocations=23 (full 0):
 garbage-first heap   total 124928K, used 72192K [0x00000000c1a00000, 0x0000000100000000)
  region size 1024K, 5 young (5120K), 5 survivors (5120K)
 Metaspace       used 33562K, committed 34112K, reserved 1114112K
  class space    used 3648K, committed 3904K, reserved 1048576K
}
Event: 14.624 GC heap before
{Heap before GC invocations=23 (full 0):
 garbage-first heap   total 124928K, used 101888K [0x00000000c1a00000, 0x0000000100000000)
  region size 1024K, 35 young (35840K), 5 survivors (5120K)
 Metaspace       used 34535K, committed 35072K, reserved 1114112K
  class space    used 3783K, committed 4032K, reserved 1048576K
}
Event: 14.640 GC heap after
{Heap after GC invocations=24 (full 0):
 garbage-first heap   total 184320K, used 69568K [0x00000000c1a00000, 0x0000000100000000)
  region size 1024K, 1 young (1024K), 1 survivors (1024K)
 Metaspace       used 34535K, committed 35072K, reserved 1114112K
  class space    used 3783K, committed 4032K, reserved 1048576K
}

