# JRE version: Java(TM) SE Runtime Environment (21.0.5+9) (build 21.0.5+9-LTS-239)
# Java VM: Java HotSpot(TM) 64-Bit Server VM (21.0.5+9-LTS-239, mixed mode, sharing, tiered, compressed oops, compressed class ptrs, g1 gc, windows-amd64)
GC Precious Log:
 CardTable entry size: 512
 Card Set container configuration: InlinePtr #cards 5 size 8 Array Of Cards #cards 12 size 40 Howl #buckets 4 coarsen threshold 1843 Howl Bitmap #cards 512 size 80 coarsen threshold 460 Card regions per heap region 1 cards per card region 2048
 CPUs: 4 total, 4 available
 Memory: 3986M
 Large Page Support: Disabled
 NUMA Support: Disabled
 Compressed Oops: Enabled (32-bit)
 Heap Region Size: 1M
 Heap Min Capacity: 8M
 Heap Initial Capacity: 64M
 Heap Max Capacity: 998M
 Pre-touch: Disabled
 Parallel Workers: 4
 Concurrent Workers: 1
 Concurrent Refinement Workers: 4
 Periodic GC: Disabled
Heap:
 garbage-first heap   total 124928K, used 62651K [0x00000000c1a00000, 0x0000000100000000)
  region size 1024K, 10 young (10240K), 4 survivors (4096K)
 Metaspace       used 35790K, committed 36416K, reserved 1114112K
  class space    used 3870K, committed 4160K, reserved 1048576K
GC Heap History (20 events):
Event: 12.137 GC heap before
{Heap before GC invocations=18 (full 0):
 garbage-first heap   total 92160K, used 80710K [0x00000000c1a00000, 0x0000000100000000)
  region size 1024K, 32 young (32768K), 3 survivors (3072K)
 Metaspace       used 30590K, committed 31168K, reserved 1114112K
  class space    used 3376K, committed 3648K, reserved 1048576K
}
Event: 12.148 GC heap after
{Heap after GC invocations=19 (full 0):
 garbage-first heap   total 92160K, used 51805K [0x00000000c1a00000, 0x0000000100000000)
  region size 1024K, 4 young (4096K), 4 survivors (4096K)
 Metaspace       used 30590K, committed 31168K, reserved 1114112K
  class space    used 3376K, committed 3648K, reserved 1048576K
}
Event: 12.554 GC heap before
{Heap before GC invocations=19 (full 0):
 garbage-first heap   total 92160K, used 81501K [0x00000000c1a00000, 0x0000000100000000)
  region size 1024K, 33 young (33792K), 4 survivors (4096K)
 Metaspace       used 30722K, committed 31232K, reserved 1114112K
  class space    used 3379K, committed 3648K, reserved 1048576K
}
Event: 12.567 GC heap after
{Heap after GC invocations=20 (full 0):
 garbage-first heap   total 117760K, used 52284K [0x00000000c1a00000, 0x0000000100000000)
  region size 1024K, 3 young (3072K), 3 survivors (3072K)
 Metaspace       used 30722K, committed 31232K, reserved 1114112K
  class space    used 3379K, committed 3648K, reserved 1048576K
}
Event: 13.126 GC heap before
{Heap before GC invocations=21 (full 0):
 garbage-first heap   total 117760K, used 103484K [0x00000000c1a00000, 0x0000000100000000)
  region size 1024K, 53 young (54272K), 3 survivors (3072K)
 Metaspace       used 30808K, committed 31360K, reserved 1114112K
  class space    used 3379K, committed 3648K, reserved 1048576K
}
Event: 13.134 GC heap after
{Heap after GC invocations=22 (full 0):
 garbage-first heap   total 117760K, used 52505K [0x00000000c1a00000, 0x0000000100000000)
  region size 1024K, 3 young (3072K), 3 survivors (3072K)
 Metaspace       used 30808K, committed 31360K, reserved 1114112K
  class space    used 3379K, committed 3648K, reserved 1048576K
}
Event: 16.775 GC heap before
{Heap before GC invocations=22 (full 0):
 garbage-first heap   total 117760K, used 110873K [0x00000000c1a00000, 0x0000000100000000)
  region size 1024K, 56 young (57344K), 3 survivors (3072K)
 Metaspace       used 33123K, committed 33664K, reserved 1114112K
  class space    used 3617K, committed 3840K, reserved 1048576K
}
Event: 16.801 GC heap after
{Heap after GC invocations=23 (full 0):
 garbage-first heap   total 119808K, used 58915K [0x00000000c1a00000, 0x0000000100000000)
  region size 1024K, 7 young (7168K), 7 survivors (7168K)
 Metaspace       used 33123K, committed 33664K, reserved 1114112K
  class space    used 3617K, committed 3840K, reserved 1048576K
}
Event: 16.838 GC heap before
{Heap before GC invocations=23 (full 0):
 garbage-first heap   total 119808K, used 63011K [0x00000000c1a00000, 0x0000000100000000)
  region size 1024K, 12 young (12288K), 7 survivors (7168K)
 Metaspace       used 33128K, committed 33664K, reserved 1114112K
  class space    used 3617K, committed 3840K, reserved 1048576K
}
Event: 16.865 GC heap after
{Heap after GC invocations=24 (full 0):
 garbage-first heap   total 119808K, used 63695K [0x00000000c1a00000, 0x0000000100000000)
  region size 1024K, 5 young (5120K), 5 survivors (5120K)
 Metaspace       used 33128K, committed 33664K, reserved 1114112K
  class space    used 3617K, committed 3840K, reserved 1048576K
}
Event: 17.156 GC heap before
{Heap before GC invocations=25 (full 0):
 garbage-first heap   total 119808K, used 88271K [0x00000000c1a00000, 0x0000000100000000)
  region size 1024K, 29 young (29696K), 5 survivors (5120K)
 Metaspace       used 33181K, committed 33664K, reserved 1114112K
  class space    used 3618K, committed 3840K, reserved 1048576K
}
Event: 17.167 GC heap after
{Heap after GC invocations=26 (full 0):
 garbage-first heap   total 119808K, used 72192K [0x00000000c1a00000, 0x0000000100000000)
  region size 1024K, 4 young (4096K), 4 survivors (4096K)
 Metaspace       used 33181K, committed 33664K, reserved 1114112K
  class space    used 3618K, committed 3840K, reserved 1048576K
}
Event: 17.412 GC heap before
{Heap before GC invocations=26 (full 0):
 garbage-first heap   total 119808K, used 93696K [0x00000000c1a00000, 0x0000000100000000)
  region size 1024K, 25 young (25600K), 4 survivors (4096K)
 Metaspace       used 33193K, committed 33664K, reserved 1114112K
  class space    used 3618K, committed 3840K, reserved 1048576K
}
Event: 17.423 GC heap after
{Heap after GC invocations=27 (full 0):
 garbage-first heap   total 119808K, used 70144K [0x00000000c1a00000, 0x0000000100000000)
  region size 1024K, 4 young (4096K), 4 survivors (4096K)
 Metaspace       used 33193K, committed 33664K, reserved 1114112K
  class space    used 3618K, committed 3840K, reserved 1048576K
}
Event: 17.944 GC heap before
{Heap before GC invocations=27 (full 0):
 garbage-first heap   total 119808K, used 91648K [0x00000000c1a00000, 0x0000000100000000)
  region size 1024K, 26 young (26624K), 4 survivors (4096K)
 Metaspace       used 33997K, committed 34496K, reserved 1114112K
  class space    used 3714K, committed 3968K, reserved 1048576K
}
Event: 17.954 GC heap after
{Heap after GC invocations=28 (full 0):
 garbage-first heap   total 119808K, used 72023K [0x00000000c1a00000, 0x0000000100000000)
  region size 1024K, 2 young (2048K), 2 survivors (2048K)
 Metaspace       used 33997K, committed 34496K, reserved 1114112K
  class space    used 3714K, committed 3968K, reserved 1048576K
}
Event: 18.505 GC heap before
{Heap before GC invocations=29 (full 0):
 garbage-first heap   total 124928K, used 91479K [0x00000000c1a00000, 0x0000000100000000)
  region size 1024K, 25 young (25600K), 2 survivors (2048K)
 Metaspace       used 32715K, committed 33728K, reserved 1114112K
  class space    used 3567K, committed 3904K, reserved 1048576K
}
Event: 18.511 GC heap after
{Heap after GC invocations=30 (full 0):
 garbage-first heap   total 124928K, used 68464K [0x00000000c1a00000, 0x0000000100000000)
  region size 1024K, 2 young (2048K), 2 survivors (2048K)
 Metaspace       used 32715K, committed 33728K, reserved 1114112K
  class space    used 3567K, committed 3904K, reserved 1048576K
}
Event: 19.476 GC heap before
{Heap before GC invocations=30 (full 0):
 garbage-first heap   total 124928K, used 99184K [0x00000000c1a00000, 0x0000000100000000)
  region size 1024K, 33 young (33792K), 2 survivors (2048K)
 Metaspace       used 34890K, committed 35520K, reserved 1114112K
  class space    used 3763K, committed 4032K, reserved 1048576K
}
Event: 19.487 GC heap after
{Heap after GC invocations=31 (full 0):
 garbage-first heap   total 124928K, used 57531K [0x00000000c1a00000, 0x0000000100000000)
  region size 1024K, 4 young (4096K), 4 survivors (4096K)
 Metaspace       used 34890K, committed 35520K, reserved 1114112K
  class space    used 3763K, committed 4032K, reserved 1048576K
}

