# JRE version: Java(TM) SE Runtime Environment (21.0.5+9) (build 21.0.5+9-LTS-239)
# Java VM: Java HotSpot(TM) 64-Bit Server VM (21.0.5+9-LTS-239, mixed mode, sharing, tiered, compressed oops, compressed class ptrs, g1 gc, windows-amd64)
GC Precious Log:
 CardTable entry size: 512
 Card Set container configuration: InlinePtr #cards 5 size 8 Array Of Cards #cards 12 size 40 Howl #buckets 4 coarsen threshold 1843 Howl Bitmap #cards 512 size 80 coarsen threshold 460 Card regions per heap region 1 cards per card region 2048
 CPUs: 4 total, 4 available
 Memory: 3986M
 Large Page Support: Disabled
 NUMA Support: Disabled
 Compressed Oops: Enabled (32-bit)
 Heap Region Size: 1M
 Heap Min Capacity: 8M
 Heap Initial Capacity: 64M
 Heap Max Capacity: 998M
 Pre-touch: Disabled
 Parallel Workers: 4
 Concurrent Workers: 1
 Concurrent Refinement Workers: 4
 Periodic GC: Disabled
Heap:
 garbage-first heap   total 78848K, used 51552K [0x00000000c1a00000, 0x0000000100000000)
  region size 1024K, 24 young (24576K), 2 survivors (2048K)
 Metaspace       used 64188K, committed 64768K, reserved 1114112K
  class space    used 8686K, committed 8960K, reserved 1048576K
GC Heap History (20 events):
Event: 1.237 GC heap before
{Heap before GC invocations=1 (full 0):
 garbage-first heap   total 65536K, used 18848K [0x00000000c1a00000, 0x0000000100000000)
  region size 1024K, 10 young (10240K), 2 survivors (2048K)
 Metaspace       used 3607K, committed 3776K, reserved 1114112K
  class space    used 359K, committed 448K, reserved 1048576K
}
Event: 1.244 GC heap after
{Heap after GC invocations=2 (full 0):
 garbage-first heap   total 65536K, used 11932K [0x00000000c1a00000, 0x0000000100000000)
  region size 1024K, 2 young (2048K), 2 survivors (2048K)
 Metaspace       used 3607K, committed 3776K, reserved 1114112K
  class space    used 359K, committed 448K, reserved 1048576K
}
Event: 2.960 GC heap before
{Heap before GC invocations=2 (full 0):
 garbage-first heap   total 65536K, used 30364K [0x00000000c1a00000, 0x0000000100000000)
  region size 1024K, 21 young (21504K), 2 survivors (2048K)
 Metaspace       used 9340K, committed 9664K, reserved 1114112K
  class space    used 1107K, committed 1280K, reserved 1048576K
}
Event: 2.970 GC heap after
{Heap after GC invocations=3 (full 0):
 garbage-first heap   total 65536K, used 13671K [0x00000000c1a00000, 0x0000000100000000)
  region size 1024K, 3 young (3072K), 3 survivors (3072K)
 Metaspace       used 9340K, committed 9664K, reserved 1114112K
  class space    used 1107K, committed 1280K, reserved 1048576K
}
Event: 4.144 GC heap before
{Heap before GC invocations=3 (full 0):
 garbage-first heap   total 65536K, used 42343K [0x00000000c1a00000, 0x0000000100000000)
  region size 1024K, 31 young (31744K), 3 survivors (3072K)
 Metaspace       used 16334K, committed 16640K, reserved 1114112K
  class space    used 2090K, committed 2240K, reserved 1048576K
}
Event: 4.156 GC heap after
{Heap after GC invocations=4 (full 0):
 garbage-first heap   total 65536K, used 16180K [0x00000000c1a00000, 0x0000000100000000)
  region size 1024K, 4 young (4096K), 4 survivors (4096K)
 Metaspace       used 16334K, committed 16640K, reserved 1114112K
  class space    used 2090K, committed 2240K, reserved 1048576K
}
Event: 4.816 GC heap before
{Heap before GC invocations=4 (full 0):
 garbage-first heap   total 65536K, used 42804K [0x00000000c1a00000, 0x0000000100000000)
  region size 1024K, 31 young (31744K), 4 survivors (4096K)
 Metaspace       used 21191K, committed 21504K, reserved 1114112K
  class space    used 2710K, committed 2880K, reserved 1048576K
}
Event: 4.825 GC heap after
{Heap after GC invocations=5 (full 0):
 garbage-first heap   total 65536K, used 17999K [0x00000000c1a00000, 0x0000000100000000)
  region size 1024K, 4 young (4096K), 4 survivors (4096K)
 Metaspace       used 21191K, committed 21504K, reserved 1114112K
  class space    used 2710K, committed 2880K, reserved 1048576K
}
Event: 6.254 GC heap before
{Heap before GC invocations=6 (full 0):
 garbage-first heap   total 65536K, used 49743K [0x00000000c1a00000, 0x0000000100000000)
  region size 1024K, 36 young (36864K), 4 survivors (4096K)
 Metaspace       used 26299K, committed 26624K, reserved 1114112K
  class space    used 3355K, committed 3520K, reserved 1048576K
}
Event: 6.270 GC heap after
{Heap after GC invocations=7 (full 0):
 garbage-first heap   total 65536K, used 21289K [0x00000000c1a00000, 0x0000000100000000)
  region size 1024K, 5 young (5120K), 5 survivors (5120K)
 Metaspace       used 26299K, committed 26624K, reserved 1114112K
  class space    used 3355K, committed 3520K, reserved 1048576K
}
Event: 7.715 GC heap before
{Heap before GC invocations=7 (full 0):
 garbage-first heap   total 65536K, used 50985K [0x00000000c1a00000, 0x0000000100000000)
  region size 1024K, 34 young (34816K), 5 survivors (5120K)
 Metaspace       used 30760K, committed 31168K, reserved 1114112K
  class space    used 3950K, committed 4160K, reserved 1048576K
}
Event: 7.733 GC heap after
{Heap after GC invocations=8 (full 0):
 garbage-first heap   total 78848K, used 22976K [0x00000000c1a00000, 0x0000000100000000)
  region size 1024K, 3 young (3072K), 3 survivors (3072K)
 Metaspace       used 30760K, committed 31168K, reserved 1114112K
  class space    used 3950K, committed 4160K, reserved 1048576K
}
Event: 9.442 GC heap before
{Heap before GC invocations=8 (full 0):
 garbage-first heap   total 78848K, used 49600K [0x00000000c1a00000, 0x0000000100000000)
  region size 1024K, 31 young (31744K), 3 survivors (3072K)
 Metaspace       used 35639K, committed 36160K, reserved 1114112K
  class space    used 4661K, committed 4928K, reserved 1048576K
}
Event: 9.456 GC heap after
{Heap after GC invocations=9 (full 0):
 garbage-first heap   total 78848K, used 24856K [0x00000000c1a00000, 0x0000000100000000)
  region size 1024K, 5 young (5120K), 5 survivors (5120K)
 Metaspace       used 35639K, committed 36160K, reserved 1114112K
  class space    used 4661K, committed 4928K, reserved 1048576K
}
Event: 15.546 GC heap before
{Heap before GC invocations=10 (full 0):
 garbage-first heap   total 78848K, used 61720K [0x00000000c1a00000, 0x0000000100000000)
  region size 1024K, 41 young (41984K), 5 survivors (5120K)
 Metaspace       used 49022K, committed 49536K, reserved 1114112K
  class space    used 6442K, committed 6656K, reserved 1048576K
}
Event: 15.565 GC heap after
{Heap after GC invocations=11 (full 0):
 garbage-first heap   total 78848K, used 28740K [0x00000000c1a00000, 0x0000000100000000)
  region size 1024K, 6 young (6144K), 6 survivors (6144K)
 Metaspace       used 49022K, committed 49536K, reserved 1114112K
  class space    used 6442K, committed 6656K, reserved 1048576K
}
Event: 17.547 GC heap before
{Heap before GC invocations=11 (full 0):
 garbage-first heap   total 78848K, used 65604K [0x00000000c1a00000, 0x0000000100000000)
  region size 1024K, 43 young (44032K), 6 survivors (6144K)
 Metaspace       used 58790K, committed 59264K, reserved 1114112K
  class space    used 7853K, committed 8064K, reserved 1048576K
}
Event: 17.568 GC heap after
{Heap after GC invocations=12 (full 0):
 garbage-first heap   total 78848K, used 30048K [0x00000000c1a00000, 0x0000000100000000)
  region size 1024K, 2 young (2048K), 2 survivors (2048K)
 Metaspace       used 58790K, committed 59264K, reserved 1114112K
  class space    used 7853K, committed 8064K, reserved 1048576K
}
Event: 18.206 GC heap before
{Heap before GC invocations=12 (full 0):
 garbage-first heap   total 78848K, used 39264K [0x00000000c1a00000, 0x0000000100000000)
  region size 1024K, 12 young (12288K), 2 survivors (2048K)
 Metaspace       used 60195K, committed 60736K, reserved 1114112K
  class space    used 8067K, committed 8320K, reserved 1048576K
}
Event: 18.213 GC heap after
{Heap after GC invocations=13 (full 0):
 garbage-first heap   total 78848K, used 30048K [0x00000000c1a00000, 0x0000000100000000)
  region size 1024K, 2 young (2048K), 2 survivors (2048K)
 Metaspace       used 60195K, committed 60736K, reserved 1114112K
  class space    used 8067K, committed 8320K, reserved 1048576K
}

