# JRE version: Java(TM) SE Runtime Environment (21.0.5+9) (build 21.0.5+9-LTS-239)
# Java VM: Java HotSpot(TM) 64-Bit Server VM (21.0.5+9-LTS-239, mixed mode, sharing, tiered, compressed oops, compressed class ptrs, g1 gc, windows-amd64)
GC Precious Log:
 CardTable entry size: 512
 Card Set container configuration: InlinePtr #cards 5 size 8 Array Of Cards #cards 12 size 40 Howl #buckets 4 coarsen threshold 1843 Howl Bitmap #cards 512 size 80 coarsen threshold 460 Card regions per heap region 1 cards per card region 2048
 CPUs: 4 total, 4 available
 Memory: 3986M
 Large Page Support: Disabled
 NUMA Support: Disabled
 Compressed Oops: Enabled (32-bit)
 Heap Region Size: 1M
 Heap Min Capacity: 8M
 Heap Initial Capacity: 64M
 Heap Max Capacity: 998M
 Pre-touch: Disabled
 Parallel Workers: 4
 Concurrent Workers: 1
 Concurrent Refinement Workers: 4
 Periodic GC: Disabled
Heap:
 garbage-first heap   total 90112K, used 58368K [0x00000000c1a00000, 0x0000000100000000)
  region size 1024K, 6 young (6144K), 3 survivors (3072K)
 Metaspace       used 27730K, committed 28032K, reserved 1114112K
  class space    used 3041K, committed 3200K, reserved 1048576K
GC Heap History (20 events):
Event: 6.528 GC heap before
{Heap before GC invocations=4 (full 0):
 garbage-first heap   total 65536K, used 45600K [0x00000000c1a00000, 0x0000000100000000)
  region size 1024K, 38 young (38912K), 5 survivors (5120K)
 Metaspace       used 16093K, committed 16384K, reserved 1114112K
  class space    used 1849K, committed 1984K, reserved 1048576K
}
Event: 6.542 GC heap after
{Heap after GC invocations=5 (full 0):
 garbage-first heap   total 65536K, used 14730K [0x00000000c1a00000, 0x0000000100000000)
  region size 1024K, 4 young (4096K), 4 survivors (4096K)
 Metaspace       used 16093K, committed 16384K, reserved 1114112K
  class space    used 1849K, committed 1984K, reserved 1048576K
}
Event: 7.165 GC heap before
{Heap before GC invocations=5 (full 0):
 garbage-first heap   total 65536K, used 49546K [0x00000000c1a00000, 0x0000000100000000)
  region size 1024K, 38 young (38912K), 4 survivors (4096K)
 Metaspace       used 16377K, committed 16640K, reserved 1114112K
  class space    used 1849K, committed 1984K, reserved 1048576K
}
Event: 7.174 GC heap after
{Heap after GC invocations=6 (full 0):
 garbage-first heap   total 65536K, used 15375K [0x00000000c1a00000, 0x0000000100000000)
  region size 1024K, 1 young (1024K), 1 survivors (1024K)
 Metaspace       used 16377K, committed 16640K, reserved 1114112K
  class space    used 1849K, committed 1984K, reserved 1048576K
}
Event: 8.048 GC heap before
{Heap before GC invocations=6 (full 0):
 garbage-first heap   total 65536K, used 53263K [0x00000000c1a00000, 0x0000000100000000)
  region size 1024K, 38 young (38912K), 1 survivors (1024K)
 Metaspace       used 16636K, committed 16896K, reserved 1114112K
  class space    used 1855K, committed 1984K, reserved 1048576K
}
Event: 8.051 GC heap after
{Heap after GC invocations=7 (full 0):
 garbage-first heap   total 65536K, used 16312K [0x00000000c1a00000, 0x0000000100000000)
  region size 1024K, 2 young (2048K), 2 survivors (2048K)
 Metaspace       used 16636K, committed 16896K, reserved 1114112K
  class space    used 1855K, committed 1984K, reserved 1048576K
}
Event: 8.865 GC heap before
{Heap before GC invocations=7 (full 0):
 garbage-first heap   total 65536K, used 53176K [0x00000000c1a00000, 0x0000000100000000)
  region size 1024K, 38 young (38912K), 2 survivors (2048K)
 Metaspace       used 16826K, committed 17088K, reserved 1114112K
  class space    used 1856K, committed 1984K, reserved 1048576K
}
Event: 8.871 GC heap after
{Heap after GC invocations=8 (full 0):
 garbage-first heap   total 65536K, used 17774K [0x00000000c1a00000, 0x0000000100000000)
  region size 1024K, 3 young (3072K), 3 survivors (3072K)
 Metaspace       used 16826K, committed 17088K, reserved 1114112K
  class space    used 1856K, committed 1984K, reserved 1048576K
}
Event: 9.790 GC heap before
{Heap before GC invocations=8 (full 0):
 garbage-first heap   total 65536K, used 53614K [0x00000000c1a00000, 0x0000000100000000)
  region size 1024K, 38 young (38912K), 3 survivors (3072K)
 Metaspace       used 17115K, committed 17408K, reserved 1114112K
  class space    used 1871K, committed 1984K, reserved 1048576K
}
Event: 9.801 GC heap after
{Heap after GC invocations=9 (full 0):
 garbage-first heap   total 65536K, used 19456K [0x00000000c1a00000, 0x0000000100000000)
  region size 1024K, 3 young (3072K), 3 survivors (3072K)
 Metaspace       used 17115K, committed 17408K, reserved 1114112K
  class space    used 1871K, committed 1984K, reserved 1048576K
}
Event: 11.335 GC heap before
{Heap before GC invocations=9 (full 0):
 garbage-first heap   total 65536K, used 56320K [0x00000000c1a00000, 0x0000000100000000)
  region size 1024K, 38 young (38912K), 3 survivors (3072K)
 Metaspace       used 20719K, committed 21056K, reserved 1114112K
  class space    used 2275K, committed 2432K, reserved 1048576K
}
Event: 11.346 GC heap after
{Heap after GC invocations=10 (full 0):
 garbage-first heap   total 78848K, used 23001K [0x00000000c1a00000, 0x0000000100000000)
  region size 1024K, 4 young (4096K), 4 survivors (4096K)
 Metaspace       used 20719K, committed 21056K, reserved 1114112K
  class space    used 2275K, committed 2432K, reserved 1048576K
}
Event: 11.839 GC heap before
{Heap before GC invocations=10 (full 0):
 garbage-first heap   total 78848K, used 42457K [0x00000000c1a00000, 0x0000000100000000)
  region size 1024K, 18 young (18432K), 4 survivors (4096K)
 Metaspace       used 21255K, committed 21504K, reserved 1114112K
  class space    used 2323K, committed 2432K, reserved 1048576K
}
Event: 11.855 GC heap after
{Heap after GC invocations=11 (full 0):
 garbage-first heap   total 78848K, used 31744K [0x00000000c1a00000, 0x0000000100000000)
  region size 1024K, 6 young (6144K), 6 survivors (6144K)
 Metaspace       used 21255K, committed 21504K, reserved 1114112K
  class space    used 2323K, committed 2432K, reserved 1048576K
}
Event: 13.261 GC heap before
{Heap before GC invocations=12 (full 0):
 garbage-first heap   total 78848K, used 68608K [0x00000000c1a00000, 0x0000000100000000)
  region size 1024K, 41 young (41984K), 6 survivors (6144K)
 Metaspace       used 26998K, committed 27392K, reserved 1114112K
  class space    used 2976K, committed 3136K, reserved 1048576K
}
Event: 13.289 GC heap after
{Heap after GC invocations=13 (full 0):
 garbage-first heap   total 89088K, used 47104K [0x00000000c1a00000, 0x0000000100000000)
  region size 1024K, 6 young (6144K), 6 survivors (6144K)
 Metaspace       used 26998K, committed 27392K, reserved 1114112K
  class space    used 2976K, committed 3136K, reserved 1048576K
}
Event: 13.659 GC heap before
{Heap before GC invocations=13 (full 0):
 garbage-first heap   total 89088K, used 74752K [0x00000000c1a00000, 0x0000000100000000)
  region size 1024K, 32 young (32768K), 6 survivors (6144K)
 Metaspace       used 27241K, committed 27648K, reserved 1114112K
  class space    used 3006K, committed 3200K, reserved 1048576K
}
Event: 13.673 GC heap after
{Heap after GC invocations=14 (full 0):
 garbage-first heap   total 90112K, used 55808K [0x00000000c1a00000, 0x0000000100000000)
  region size 1024K, 4 young (4096K), 4 survivors (4096K)
 Metaspace       used 27241K, committed 27648K, reserved 1114112K
  class space    used 3006K, committed 3200K, reserved 1048576K
}
Event: 14.080 GC heap before
{Heap before GC invocations=14 (full 0):
 garbage-first heap   total 90112K, used 76288K [0x00000000c1a00000, 0x0000000100000000)
  region size 1024K, 24 young (24576K), 4 survivors (4096K)
 Metaspace       used 27680K, committed 28032K, reserved 1114112K
  class space    used 3040K, committed 3200K, reserved 1048576K
}
Event: 14.095 GC heap after
{Heap after GC invocations=15 (full 0):
 garbage-first heap   total 90112K, used 59392K [0x00000000c1a00000, 0x0000000100000000)
  region size 1024K, 3 young (3072K), 3 survivors (3072K)
 Metaspace       used 27680K, committed 28032K, reserved 1114112K
  class space    used 3040K, committed 3200K, reserved 1048576K
}

