<?xml version="1.0" encoding="UTF-8"?>
<testsuite xmlns:xsi="http://www.w3.org/2001/XMLSchema-instance" xsi:noNamespaceSchemaLocation="https://maven.apache.org/surefire/maven-surefire-plugin/xsd/surefire-test-report-3.0.xsd" version="3.0" name="com.shaul.saidikaV3.SaidikaV3ApplicationTests" time="21.735" tests="1" errors="0" skipped="0" failures="0">
  <properties>
[...]
</properties>
  <testcase name="contextLoads" classname="com.shaul.saidikaV3.SaidikaV3ApplicationTests" time="0.976">
    <system-out><![CDATA[Standard Commons Logging discovery in action with spring-jcl: please remove commons-logging.jar from classpath in order to avoid potential conflicts
10:46:58.035 [main] INFO org.springframework.test.context.support.AnnotationConfigContextLoaderUtils -- Could not detect default configuration classes for test class [com.shaul.saidikaV3.SaidikaV3ApplicationTests]: SaidikaV3ApplicationTests does not declare any static, non-private, non-final, nested classes annotated with @Configuration.
10:46:58.363 [main] INFO org.springframework.boot.test.context.SpringBootTestContextBootstrapper -- Found @SpringBootConfiguration com.shaul.saidikaV3.SaidikaV3Application for test class com.shaul.saidikaV3.SaidikaV3ApplicationTests

  .   ____          _            __ _ _
 /\\ / ___'_ __ _ _(_)_ __  __ _ \ \ \ \
( ( )\___ | '_ | '_| | '_ \/ _` | \ \ \ \
 \\/  ___)| |_)| | | | | || (_| |  ) ) ) )
  '  |____| .__|_| |_|_| |_\__, | / / / /
 =========|_|==============|___/=/_/_/_/

 :: Spring Boot ::                (v3.3.7)

2025-02-10T10:46:59.435+03:00  INFO 3648 --- [saidikaV3] [           main] c.s.saidikaV3.SaidikaV3ApplicationTests  : Starting SaidikaV3ApplicationTests using Java 21.0.5 with PID 3648 (started by Administrator in C:\Users\Administrator\Desktop\saidika backend\saidika_backend)
2025-02-10T10:46:59.435+03:00  INFO 3648 --- [saidikaV3] [           main] c.s.saidikaV3.SaidikaV3ApplicationTests  : No active profile set, falling back to 1 default profile: "default"
2025-02-10T10:47:02.626+03:00  INFO 3648 --- [saidikaV3] [           main] .s.d.r.c.RepositoryConfigurationDelegate : Bootstrapping Spring Data JPA repositories in DEFAULT mode.
2025-02-10T10:47:02.798+03:00  INFO 3648 --- [saidikaV3] [           main] .s.d.r.c.RepositoryConfigurationDelegate : Finished Spring Data repository scanning in 165 ms. Found 8 JPA repository interfaces.
2025-02-10T10:47:03.985+03:00  INFO 3648 --- [saidikaV3] [           main] o.hibernate.jpa.internal.util.LogHelper  : HHH000204: Processing PersistenceUnitInfo [name: default]
2025-02-10T10:47:04.220+03:00  INFO 3648 --- [saidikaV3] [           main] org.hibernate.Version                    : HHH000412: Hibernate ORM core version 6.5.3.Final
2025-02-10T10:47:04.313+03:00  INFO 3648 --- [saidikaV3] [           main] o.h.c.internal.RegionFactoryInitiator    : HHH000026: Second-level cache disabled
2025-02-10T10:47:05.095+03:00  INFO 3648 --- [saidikaV3] [           main] o.s.o.j.p.SpringPersistenceUnitInfo      : No LoadTimeWeaver setup: ignoring JPA class transformer
2025-02-10T10:47:05.173+03:00  INFO 3648 --- [saidikaV3] [           main] com.zaxxer.hikari.HikariDataSource       : HikariPool-1 - Starting...
2025-02-10T10:47:08.423+03:00  INFO 3648 --- [saidikaV3] [           main] com.zaxxer.hikari.pool.HikariPool        : HikariPool-1 - Added connection com.mysql.cj.jdbc.ConnectionImpl@20231384
2025-02-10T10:47:08.439+03:00  INFO 3648 --- [saidikaV3] [           main] com.zaxxer.hikari.HikariDataSource       : HikariPool-1 - Start completed.
2025-02-10T10:47:08.860+03:00  WARN 3648 --- [saidikaV3] [           main] org.hibernate.orm.deprecation            : HHH90000025: MySQLDialect does not need to be specified explicitly using 'hibernate.dialect' (remove the property setting and it will be selected by default)
2025-02-10T10:47:10.929+03:00  INFO 3648 --- [saidikaV3] [           main] o.h.e.t.j.p.i.JtaPlatformInitiator       : HHH000489: No JTA platform available (set 'hibernate.transaction.jta.platform' to enable JTA platform integration)
2025-02-10T10:47:14.093+03:00  INFO 3648 --- [saidikaV3] [           main] j.LocalContainerEntityManagerFactoryBean : Initialized JPA EntityManagerFactory for persistence unit 'default'
2025-02-10T10:47:14.747+03:00  INFO 3648 --- [saidikaV3] [           main] o.s.d.j.r.query.QueryEnhancerFactory     : Hibernate is in classpath; If applicable, HQL parser will be used.
2025-02-10T10:47:16.294+03:00  WARN 3648 --- [saidikaV3] [           main] JpaBaseConfiguration$JpaWebConfiguration : spring.jpa.open-in-view is enabled by default. Therefore, database queries may be performed during view rendering. Explicitly configure spring.jpa.open-in-view to disable this warning
2025-02-10T10:47:16.357+03:00  INFO 3648 --- [saidikaV3] [           main] eAuthenticationProviderManagerConfigurer : Found 2 AuthenticationProvider beans, with names [finderAuthenticationProvider, providerAuthenticationProvider]. Global Authentication Manager will not be configured with AuthenticationProviders. Consider publishing a single AuthenticationProvider bean, or wiring your Providers directly using the DSL.
2025-02-10T10:47:16.357+03:00  WARN 3648 --- [saidikaV3] [           main] r$InitializeUserDetailsManagerConfigurer : Found 2 UserDetailsService beans, with names [finder_DetailsService, provider_DetailsService]. Global Authentication Manager will not use a UserDetailsService for username/password login. Consider publishing a single UserDetailsService bean.
2025-02-10T10:47:18.060+03:00  INFO 3648 --- [saidikaV3] [           main] c.s.saidikaV3.SaidikaV3ApplicationTests  : Started SaidikaV3ApplicationTests in 19.244 seconds (process running for 22.911)
]]></system-out>
    <system-err><![CDATA[WARNING: A Java agent has been loaded dynamically (C:\Users\Administrator\.m2\repository\net\bytebuddy\byte-buddy-agent\1.14.19\byte-buddy-agent-1.14.19.jar)
WARNING: If a serviceability tool is in use, please run with -XX:+EnableDynamicAgentLoading to hide this warning
WARNING: If a serviceability tool is not in use, please run with -Djdk.instrument.traceUsage for more information
WARNING: Dynamic loading of agents will be disallowed by default in a future release
]]></system-err>
  </testcase>
</testsuite>